c:\users\iliyan.ivanov\source\repos\notifier\notifier_interface\debug\notifier_interface.pch
c:\users\iliyan.ivanov\source\repos\notifier\notifier_interface\debug\vc141.pdb
c:\users\iliyan.ivanov\source\repos\notifier\notifier_interface\debug\vc141.idb
c:\users\iliyan.ivanov\source\repos\notifier\notifier_interface\debug\stdafx.obj
c:\users\iliyan.ivanov\source\repos\notifier\notifier_interface\debug\notifier_interfacedlg.obj
c:\users\iliyan.ivanov\source\repos\notifier\notifier_interface\debug\notifier_interface.obj
c:\users\iliyan.ivanov\source\repos\notifier\notifier_interface\debug\functions.obj
c:\users\iliyan.ivanov\source\repos\notifier\notifier_interface\debug\filter_type.obj
c:\users\iliyan.ivanov\source\repos\notifier\notifier_interface\debug\email.obj
c:\users\iliyan.ivanov\source\repos\notifier\notifier_interface\debug\cuserdbset.obj
c:\users\iliyan.ivanov\source\repos\notifier\notifier_interface\debug\cprioritydbset.obj
c:\users\iliyan.ivanov\source\repos\notifier\notifier_interface\debug\cpositiondbset.obj
c:\users\iliyan.ivanov\source\repos\notifier\notifier_interface\debug\cphonenumberdbset.obj
c:\users\iliyan.ivanov\source\repos\notifier\notifier_interface\debug\coutgoingmessagesdbset.obj
c:\users\iliyan.ivanov\source\repos\notifier\notifier_interface\debug\client_type.obj
c:\users\iliyan.ivanov\source\repos\notifier\notifier_interface\debug\client.obj
c:\users\iliyan.ivanov\source\repos\notifier\notifier_interface\debug\cfiltertypedbset.obj
c:\users\iliyan.ivanov\source\repos\notifier\notifier_interface\debug\cemaildbset.obj
c:\users\iliyan.ivanov\source\repos\notifier\notifier_interface\debug\cclienttypedbset.obj
c:\users\iliyan.ivanov\source\repos\notifier\notifier_interface\debug\cclientdbset.obj
c:\users\iliyan.ivanov\source\repos\notifier\notifier_interface\debug\ccampaignfilterdbset.obj
c:\users\iliyan.ivanov\source\repos\notifier\notifier_interface\debug\ccampaigndbset.obj
c:\users\iliyan.ivanov\source\repos\notifier\notifier_interface\debug\campaign_filter.obj
c:\users\iliyan.ivanov\source\repos\notifier\notifier_interface\debug\campaign.obj
c:\users\iliyan.ivanov\source\repos\notifier\notifier_interface\debug\user.obj
c:\users\iliyan.ivanov\source\repos\notifier\notifier_interface\debug\priority.obj
c:\users\iliyan.ivanov\source\repos\notifier\notifier_interface\debug\positionn.obj
c:\users\iliyan.ivanov\source\repos\notifier\notifier_interface\debug\phone_number.obj
c:\users\iliyan.ivanov\source\repos\notifier\notifier_interface\debug\outgoing_messages.obj
c:\users\iliyan.ivanov\source\repos\notifier\debug\notifier_interface.ilk
c:\users\iliyan.ivanov\source\repos\notifier\debug\notifier_interface.exe
c:\users\iliyan.ivanov\source\repos\notifier\debug\notifier_interface.pdb
c:\users\iliyan.ivanov\source\repos\notifier\notifier_interface\debug\notifierinterface.res
c:\users\iliyan.ivanov\source\repos\notifier\notifier_interface\debug\notifier.3346a3f2.tlog\cl.command.1.tlog
c:\users\iliyan.ivanov\source\repos\notifier\notifier_interface\debug\notifier.3346a3f2.tlog\cl.read.1.tlog
c:\users\iliyan.ivanov\source\repos\notifier\notifier_interface\debug\notifier.3346a3f2.tlog\cl.write.1.tlog
c:\users\iliyan.ivanov\source\repos\notifier\notifier_interface\debug\notifier.3346a3f2.tlog\link.command.1.tlog
c:\users\iliyan.ivanov\source\repos\notifier\notifier_interface\debug\notifier.3346a3f2.tlog\link.read.1.tlog
c:\users\iliyan.ivanov\source\repos\notifier\notifier_interface\debug\notifier.3346a3f2.tlog\link.write.1.tlog
c:\users\iliyan.ivanov\source\repos\notifier\notifier_interface\debug\notifier.3346a3f2.tlog\rc.command.1.tlog
c:\users\iliyan.ivanov\source\repos\notifier\notifier_interface\debug\notifier.3346a3f2.tlog\rc.read.1.tlog
c:\users\iliyan.ivanov\source\repos\notifier\notifier_interface\debug\notifier.3346a3f2.tlog\rc.write.1.tlog
